Collecting fredapi>=0.5.1 (from -r requirements.txt (line 11))
  Downloading fredapi-0.5.2-py3-none-any.whl.metadata (5.0 kB)
Collecting yfinance>=0.2.40 (from -r requirements.txt (line 12))
  Downloading yfinance-1.2.1-py2.py3-none-any.whl.metadata (6.1 kB)
Collecting ccxt>=4.3.0 (from -r requirements.txt (line 13))
  Downloading ccxt-4.5.48-py2.py3-none-any.whl.metadata (141 kB)
Collecting tweepy>=4.14.0 (from -r requirements.txt (line 14))
  Downloading tweepy-4.16.0-py3-none-any.whl.metadata (3.3 kB)
Collecting praw>=7.7.1 (from -r requirements.txt (line 15))
  Downloading praw-7.8.1-py3-none-any.whl.metadata (9.4 kB)
Collecting telethon>=1.36.0 (from -r requirements.txt (line 16))
  Downloading telethon-1.43.0-py3-none-any.whl.metadata (4.0 kB)
Collecting httpx>=0.27.0 (from -r requirements.txt (line 17))
  Using cached httpx-0.28.1-py3-none-any.whl.metadata (7.1 kB)
Collecting aiohttp>=3.9.5 (from -r requirements.txt (line 18))
  Downloading aiohttp-3.13.5-cp311-cp311-win_amd64.whl.metadata (8.4 kB)
Collecting beautifulsoup4>=4.12.3 (from -r requirements.txt (line 19))
  Using cached beautifulsoup4-4.14.3-py3-none-any.whl.metadata (3.8 kB)
Collecting solana>=0.34.0 (from -r requirements.txt (line 24))
  Downloading solana-0.36.11-py3-none-any.whl.metadata (5.3 kB)
Collecting solders>=0.21.0 (from -r requirements.txt (line 25))
  Downloading solders-0.27.1-cp38-abi3-win_amd64.whl.metadata (3.8 kB)
Collecting python-bitcoinrpc>=1.0 (from -r requirements.txt (line 26))
  Downloading python-bitcoinrpc-1.0.tar.gz (13 kB)
  Installing build dependencies: started
  Installing build dependencies: finished with status 'done'
  Getting requirements to build wheel: started
  Getting requirements to build wheel: finished with status 'done'
  Preparing metadata (pyproject.toml): started
  Preparing metadata (pyproject.toml): finished with status 'done'
Collecting web3>=7.0.0 (from -r requirements.txt (line 27))
  Downloading web3-7.15.0-py3-none-any.whl.metadata (5.6 kB)
Collecting transformers>=4.41.0 (from -r requirements.txt (line 32))
  Downloading transformers-5.5.3-py3-none-any.whl.metadata (32 kB)
Collecting torch>=2.3.0 (from -r requirements.txt (line 33))
  Using cached torch-2.11.0-cp311-cp311-win_amd64.whl.metadata (29 kB)
Collecting vaderSentiment>=3.3.2 (from -r requirements.txt (line 34))
  Downloading vaderSentiment-3.3.2-py2.py3-none-any.whl.metadata (572 bytes)
Collecting spacy>=3.7.4 (from -r requirements.txt (line 35))
  Downloading spacy-3.8.14-cp311-cp311-win_amd64.whl.metadata (28 kB)
Collecting langdetect>=1.0.9 (from -r requirements.txt (line 36))
  Downloading langdetect-1.0.9.tar.gz (981 kB)
     ---------------------------------------- 981.5/981.5 kB 3.1 MB/s  0:00:00
  Installing build dependencies: started
  Installing build dependencies: finished with status 'done'
  Getting requirements to build wheel: started
  Getting requirements to build wheel: finished with status 'done'
  Preparing metadata (pyproject.toml): started
  Preparing metadata (pyproject.toml): finished with status 'done'
Collecting emoji>=2.12.1 (from -r requirements.txt (line 37))
  Downloading emoji-2.15.0-py3-none-any.whl.metadata (5.7 kB)
Collecting nltk>=3.8.1 (from -r requirements.txt (line 38))
  Downloading nltk-3.9.4-py3-none-any.whl.metadata (3.2 kB)
Collecting datasets>=2.19.0 (from -r requirements.txt (line 39))
  Downloading datasets-4.8.4-py3-none-any.whl.metadata (19 kB)
Collecting pytorch-forecasting>=1.0.0 (from -r requirements.txt (line 45))
  Downloading pytorch_forecasting-1.7.0-py3-none-any.whl.metadata (14 kB)
Collecting pytorch-lightning>=2.2.0 (from -r requirements.txt (line 46))
  Downloading pytorch_lightning-2.6.1-py3-none-any.whl.metadata (21 kB)
Collecting xgboost>=2.0.3 (from -r requirements.txt (line 47))
  Downloading xgboost-3.2.0-py3-none-win_amd64.whl.metadata (2.1 kB)
Collecting lightgbm>=4.3.0 (from -r requirements.txt (line 48))
  Downloading lightgbm-4.6.0-py3-none-win_amd64.whl.metadata (17 kB)
Collecting scikit-learn>=1.5.0 (from -r requirements.txt (line 49))
  Using cached scikit_learn-1.8.0-cp311-cp311-win_amd64.whl.metadata (11 kB)
Collecting optuna>=3.6.1 (from -r requirements.txt (line 50))
  Downloading optuna-4.8.0-py3-none-any.whl.metadata (17 kB)
Collecting numpy>=1.26.4 (from -r requirements.txt (line 51))
  Using cached numpy-2.4.4-cp311-cp311-win_amd64.whl.metadata (6.6 kB)
Collecting pandas>=2.2.2 (from -r requirements.txt (line 52))
  Using cached pandas-3.0.2-cp311-cp311-win_amd64.whl.metadata (19 kB)
Collecting ta>=0.11.0 (from -r requirements.txt (line 53))
  Downloading ta-0.11.0.tar.gz (25 kB)
  Installing build dependencies: started
  Installing build dependencies: finished with status 'done'
  Getting requirements to build wheel: started
  Getting requirements to build wheel: finished with status 'done'
  Preparing metadata (pyproject.toml): started
  Preparing metadata (pyproject.toml): finished with status 'done'
Collecting discord.py>=2.3.2 (from -r requirements.txt (line 58))
  Downloading discord_py-2.7.1-py3-none-any.whl.metadata (7.5 kB)
Collecting twilio>=9.0.5 (from -r requirements.txt (line 59))
  Downloading twilio-9.10.4-py2.py3-none-any.whl.metadata (13 kB)
Collecting jinja2>=3.1.4 (from -r requirements.txt (line 60))
  Using cached jinja2-3.1.6-py3-none-any.whl.metadata (2.9 kB)
Collecting matplotlib>=3.9.0 (from -r requirements.txt (line 61))
  Using cached matplotlib-3.10.8-cp311-cp311-win_amd64.whl.metadata (52 kB)
Collecting plotly>=5.22.0 (from -r requirements.txt (line 62))
  Downloading plotly-6.7.0-py3-none-any.whl.metadata (8.6 kB)
Collecting Pillow>=10.3.0 (from -r requirements.txt (line 63))
  Using cached pillow-12.2.0-cp311-cp311-win_amd64.whl.metadata (9.0 kB)
Collecting kaleido>=0.2.1 (from -r requirements.txt (line 64))
  Downloading kaleido-1.2.0-py3-none-any.whl.metadata (5.6 kB)
Collecting pydantic>=2.7.1 (from -r requirements.txt (line 69))
  Using cached pydantic-2.12.5-py3-none-any.whl.metadata (90 kB)
Collecting pydantic-settings>=2.3.0 (from -r requirements.txt (line 70))
  Downloading pydantic_settings-2.13.1-py3-none-any.whl.metadata (3.4 kB)
Collecting sqlalchemy>=2.0.30 (from -r requirements.txt (line 71))
  Downloading sqlalchemy-2.0.49-cp311-cp311-win_amd64.whl.metadata (9.8 kB)
Collecting alembic>=1.13.1 (from -r requirements.txt (line 72))
  Downloading alembic-1.18.4-py3-none-any.whl.metadata (7.2 kB)
Collecting redis>=5.0.4 (from -r requirements.txt (line 73))
  Downloading redis-7.4.0-py3-none-any.whl.metadata (12 kB)
Collecting apscheduler>=3.10.4 (from -r requirements.txt (line 74))
  Downloading apscheduler-3.11.2-py3-none-any.whl.metadata (6.4 kB)
Collecting structlog>=24.2.0 (from -r requirements.txt (line 75))
  Downloading structlog-25.5.0-py3-none-any.whl.metadata (9.5 kB)
Collecting python-dotenv>=1.0.1 (from -r requirements.txt (line 76))
  Downloading python_dotenv-1.2.2-py3-none-any.whl.metadata (27 kB)
Collecting tenacity>=8.3.0 (from -r requirements.txt (line 77))
  Using cached tenacity-9.1.4-py3-none-any.whl.metadata (1.2 kB)
Collecting requests>=2.31 (from yfinance>=0.2.40->-r requirements.txt (line 12))
  Downloading requests-2.33.1-py3-none-any.whl.metadata (4.8 kB)
Collecting multitasking>=0.0.7 (from yfinance>=0.2.40->-r requirements.txt (line 12))
  Using cached multitasking-0.0.12-py3-none-any.whl
Collecting platformdirs>=2.0.0 (from yfinance>=0.2.40->-r requirements.txt (line 12))
  Downloading platformdirs-4.9.6-py3-none-any.whl.metadata (4.7 kB)
Collecting pytz>=2022.5 (from yfinance>=0.2.40->-r requirements.txt (line 12))
  Downloading pytz-2026.1.post1-py2.py3-none-any.whl.metadata (22 kB)
Collecting frozendict>=2.3.4 (from yfinance>=0.2.40->-r requirements.txt (line 12))
  Using cached frozendict-2.4.7-py3-none-any.whl.metadata (23 kB)
Collecting peewee>=3.16.2 (from yfinance>=0.2.40->-r requirements.txt (line 12))
  Downloading peewee-4.0.4-py3-none-any.whl.metadata (8.6 kB)
Collecting curl_cffi>=0.15 (from yfinance>=0.2.40->-r requirements.txt (line 12))
  Downloading curl_cffi-0.15.0-cp310-abi3-win_amd64.whl.metadata (18 kB)
Collecting protobuf>=3.19.0 (from yfinance>=0.2.40->-r requirements.txt (line 12))
  Downloading protobuf-7.34.1-cp310-abi3-win_amd64.whl.metadata (595 bytes)
Collecting websockets>=13.0 (from yfinance>=0.2.40->-r requirements.txt (line 12))
  Downloading websockets-16.0-cp311-cp311-win_amd64.whl.metadata (7.0 kB)
Requirement already satisfied: setuptools>=60.9.0 in .\.venv\Lib\site-packages (from ccxt>=4.3.0->-r requirements.txt (line 13)) (82.0.1)
Collecting certifi>=2018.1.18 (from ccxt>=4.3.0->-r requirements.txt (line 13))
  Using cached certifi-2026.2.25-py3-none-any.whl.metadata (2.5 kB)
Collecting cryptography>=2.6.1 (from ccxt>=4.3.0->-r requirements.txt (line 13))
  Downloading cryptography-46.0.7-cp311-abi3-win_amd64.whl.metadata (5.7 kB)
Collecting typing_extensions>=4.4.0 (from ccxt>=4.3.0->-r requirements.txt (line 13))
  Using cached typing_extensions-4.15.0-py3-none-any.whl.metadata (3.3 kB)
Collecting aiodns>=1.1.1 (from ccxt>=4.3.0->-r requirements.txt (line 13))
  Downloading aiodns-4.0.0-py3-none-any.whl.metadata (7.7 kB)
Collecting yarl>=1.7.2 (from ccxt>=4.3.0->-r requirements.txt (line 13))
  Downloading yarl-1.23.0-cp311-cp311-win_amd64.whl.metadata (82 kB)
Collecting coincurve==21.0.0 (from ccxt>=4.3.0->-r requirements.txt (line 13))
  Downloading coincurve-21.0.0-cp311-cp311-win_amd64.whl.metadata (4.0 kB)
Collecting oauthlib<4,>=3.2.0 (from tweepy>=4.14.0->-r requirements.txt (line 14))
  Downloading oauthlib-3.3.1-py3-none-any.whl.metadata (7.9 kB)
Collecting requests-oauthlib<3,>=1.2.0 (from tweepy>=4.14.0->-r requirements.txt (line 14))
  Downloading requests_oauthlib-2.0.0-py2.py3-none-any.whl.metadata (11 kB)
Collecting charset_normalizer<4,>=2 (from requests>=2.31->yfinance>=0.2.40->-r requirements.txt (line 12))
  Downloading charset_normalizer-3.4.7-cp311-cp311-win_amd64.whl.metadata (41 kB)
Collecting idna<4,>=2.5 (from requests>=2.31->yfinance>=0.2.40->-r requirements.txt (line 12))
  Using cached idna-3.11-py3-none-any.whl.metadata (8.4 kB)
Collecting urllib3<3,>=1.26 (from requests>=2.31->yfinance>=0.2.40->-r requirements.txt (line 12))
  Using cached urllib3-2.6.3-py3-none-any.whl.metadata (6.9 kB)
Collecting prawcore<3,>=2.4 (from praw>=7.7.1->-r requirements.txt (line 15))
  Downloading prawcore-2.4.0-py3-none-any.whl.metadata (5.0 kB)
Collecting update_checker>=0.18 (from praw>=7.7.1->-r requirements.txt (line 15))
  Downloading update_checker-0.18.0-py3-none-any.whl.metadata (2.3 kB)
Collecting websocket-client>=0.54.0 (from praw>=7.7.1->-r requirements.txt (line 15))
  Downloading websocket_client-1.9.0-py3-none-any.whl.metadata (8.3 kB)
Collecting pyaes (from telethon>=1.36.0->-r requirements.txt (line 16))
  Downloading pyaes-1.6.1.tar.gz (28 kB)
  Installing build dependencies: started
  Installing build dependencies: finished with status 'done'
  Getting requirements to build wheel: started
  Getting requirements to build wheel: finished with status 'done'
  Preparing metadata (pyproject.toml): started
  Preparing metadata (pyproject.toml): finished with status 'done'
Collecting rsa (from telethon>=1.36.0->-r requirements.txt (line 16))
  Using cached rsa-4.9.1-py3-none-any.whl.metadata (5.6 kB)
Collecting anyio (from httpx>=0.27.0->-r requirements.txt (line 17))
  Using cached anyio-4.13.0-py3-none-any.whl.metadata (4.5 kB)
Collecting httpcore==1.* (from httpx>=0.27.0->-r requirements.txt (line 17))
  Using cached httpcore-1.0.9-py3-none-any.whl.metadata (21 kB)
Collecting h11>=0.16 (from httpcore==1.*->httpx>=0.27.0->-r requirements.txt (line 17))
  Using cached h11-0.16.0-py3-none-any.whl.metadata (8.3 kB)
Collecting aiohappyeyeballs>=2.5.0 (from aiohttp>=3.9.5->-r requirements.txt (line 18))
  Using cached aiohappyeyeballs-2.6.1-py3-none-any.whl.metadata (5.9 kB)
Collecting aiosignal>=1.4.0 (from aiohttp>=3.9.5->-r requirements.txt (line 18))
  Using cached aiosignal-1.4.0-py3-none-any.whl.metadata (3.7 kB)
Collecting attrs>=17.3.0 (from aiohttp>=3.9.5->-r requirements.txt (line 18))
  Downloading attrs-26.1.0-py3-none-any.whl.metadata (8.8 kB)
Collecting frozenlist>=1.1.1 (from aiohttp>=3.9.5->-r requirements.txt (line 18))
  Using cached frozenlist-1.8.0-cp311-cp311-win_amd64.whl.metadata (21 kB)
Collecting multidict<7.0,>=4.5 (from aiohttp>=3.9.5->-r requirements.txt (line 18))
  Downloading multidict-6.7.1-cp311-cp311-win_amd64.whl.metadata (5.5 kB)
Collecting propcache>=0.2.0 (from aiohttp>=3.9.5->-r requirements.txt (line 18))
  Using cached propcache-0.4.1-cp311-cp311-win_amd64.whl.metadata (14 kB)
Collecting soupsieve>=1.6.1 (from beautifulsoup4>=4.12.3->-r requirements.txt (line 19))
  Downloading soupsieve-2.8.3-py3-none-any.whl.metadata (4.6 kB)
Collecting construct-typing<0.8.0,>=0.6.2 (from solana>=0.34.0->-r requirements.txt (line 24))
  Downloading construct_typing-0.7.0-py3-none-any.whl.metadata (8.4 kB)
Collecting websockets>=13.0 (from yfinance>=0.2.40->-r requirements.txt (line 12))
  Using cached websockets-15.0.1-cp311-cp311-win_amd64.whl.metadata (7.0 kB)
Collecting jsonalias==0.1.1 (from solders>=0.21.0->-r requirements.txt (line 25))
  Downloading jsonalias-0.1.1-py3-none-any.whl.metadata (469 bytes)
Collecting construct==2.10.70 (from construct-typing<0.8.0,>=0.6.2->solana>=0.34.0->-r requirements.txt (line 24))
  Downloading construct-2.10.70-py3-none-any.whl.metadata (4.2 kB)
Collecting eth-abi>=5.0.1 (from web3>=7.0.0->-r requirements.txt (line 27))
  Downloading eth_abi-5.2.0-py3-none-any.whl.metadata (3.8 kB)
Collecting eth-account>=0.13.6 (from web3>=7.0.0->-r requirements.txt (line 27))
  Downloading eth_account-0.13.7-py3-none-any.whl.metadata (3.7 kB)
Collecting eth-hash>=0.5.1 (from eth-hash[pycryptodome]>=0.5.1->web3>=7.0.0->-r requirements.txt (line 27))
  Downloading eth_hash-0.8.0-py3-none-any.whl.metadata (4.1 kB)
Collecting eth-typing>=5.0.0 (from web3>=7.0.0->-r requirements.txt (line 27))
  Downloading eth_typing-6.0.0-py3-none-any.whl.metadata (3.1 kB)
Collecting eth-utils>=5.0.0 (from web3>=7.0.0->-r requirements.txt (line 27))
  Downloading eth_utils-6.0.0-py3-none-any.whl.metadata (5.6 kB)
Collecting hexbytes>=1.2.0 (from web3>=7.0.0->-r requirements.txt (line 27))
  Downloading hexbytes-1.3.1-py3-none-any.whl.metadata (3.3 kB)
Collecting pywin32>=223 (from web3>=7.0.0->-r requirements.txt (line 27))
  Downloading pywin32-311-cp311-cp311-win_amd64.whl.metadata (10 kB)
Collecting types-requests>=2.0.0 (from web3>=7.0.0->-r requirements.txt (line 27))
  Downloading types_requests-2.33.0.20260408-py3-none-any.whl.metadata (2.0 kB)
Collecting pyunormalize>=15.0.0 (from web3>=7.0.0->-r requirements.txt (line 27))
  Downloading pyunormalize-17.0.0-py3-none-any.whl.metadata (5.7 kB)
Collecting huggingface-hub<2.0,>=1.5.0 (from transformers>=4.41.0->-r requirements.txt (line 32))
  Downloading huggingface_hub-1.10.1-py3-none-any.whl.metadata (14 kB)
Requirement already satisfied: packaging>=20.0 in .\.venv\Lib\site-packages (from transformers>=4.41.0->-r requirements.txt (line 32)) (26.0)
Collecting pyyaml>=5.1 (from transformers>=4.41.0->-r requirements.txt (line 32))
  Using cached pyyaml-6.0.3-cp311-cp311-win_amd64.whl.metadata (2.4 kB)
Collecting regex>=2025.10.22 (from transformers>=4.41.0->-r requirements.txt (line 32))
  Downloading regex-2026.4.4-cp311-cp311-win_amd64.whl.metadata (41 kB)
Collecting tokenizers<=0.23.0,>=0.22.0 (from transformers>=4.41.0->-r requirements.txt (line 32))
  Downloading tokenizers-0.22.2-cp39-abi3-win_amd64.whl.metadata (7.4 kB)
Collecting typer (from transformers>=4.41.0->-r requirements.txt (line 32))
  Using cached typer-0.24.1-py3-none-any.whl.metadata (16 kB)
Collecting safetensors>=0.4.3 (from transformers>=4.41.0->-r requirements.txt (line 32))
  Using cached safetensors-0.7.0-cp38-abi3-win_amd64.whl.metadata (4.2 kB)
Collecting tqdm>=4.27 (from transformers>=4.41.0->-r requirements.txt (line 32))
  Using cached tqdm-4.67.3-py3-none-any.whl.metadata (57 kB)
Collecting filelock>=3.10.0 (from huggingface-hub<2.0,>=1.5.0->transformers>=4.41.0->-r requirements.txt (line 32))
  Using cached filelock-3.25.2-py3-none-any.whl.metadata (2.0 kB)
Collecting fsspec>=2023.5.0 (from huggingface-hub<2.0,>=1.5.0->transformers>=4.41.0->-r requirements.txt (line 32))
  Using cached fsspec-2026.3.0-py3-none-any.whl.metadata (10 kB)
Collecting hf-xet<2.0.0,>=1.4.3 (from huggingface-hub<2.0,>=1.5.0->transformers>=4.41.0->-r requirements.txt (line 32))
  Using cached hf_xet-1.4.3-cp37-abi3-win_amd64.whl.metadata (4.9 kB)
Collecting setuptools>=60.9.0 (from ccxt>=4.3.0->-r requirements.txt (line 13))
  Downloading setuptools-81.0.0-py3-none-any.whl.metadata (6.6 kB)
Collecting sympy>=1.13.3 (from torch>=2.3.0->-r requirements.txt (line 33))
  Using cached sympy-1.14.0-py3-none-any.whl.metadata (12 kB)
Collecting networkx>=2.5.1 (from torch>=2.3.0->-r requirements.txt (line 33))
  Using cached networkx-3.6.1-py3-none-any.whl.metadata (6.8 kB)
Collecting spacy-legacy<3.1.0,>=3.0.11 (from spacy>=3.7.4->-r requirements.txt (line 35))
  Downloading spacy_legacy-3.0.12-py2.py3-none-any.whl.metadata (2.8 kB)
Collecting spacy-loggers<2.0.0,>=1.0.0 (from spacy>=3.7.4->-r requirements.txt (line 35))
  Downloading spacy_loggers-1.0.5-py3-none-any.whl.metadata (23 kB)
Collecting murmurhash<1.1.0,>=0.28.0 (from spacy>=3.7.4->-r requirements.txt (line 35))
  Downloading murmurhash-1.0.15-cp311-cp311-win_amd64.whl.metadata (2.3 kB)
Collecting cymem<2.1.0,>=2.0.2 (from spacy>=3.7.4->-r requirements.txt (line 35))
  Downloading cymem-2.0.13-cp311-cp311-win_amd64.whl.metadata (9.9 kB)
Collecting preshed<3.1.0,>=3.0.2 (from spacy>=3.7.4->-r requirements.txt (line 35))
  Downloading preshed-3.0.13-cp311-cp311-win_amd64.whl.metadata (5.4 kB)
Collecting thinc<8.4.0,>=8.3.12 (from spacy>=3.7.4->-r requirements.txt (line 35))
  Downloading thinc-8.3.13-cp311-cp311-win_amd64.whl.metadata (15 kB)
Collecting wasabi<1.2.0,>=0.9.1 (from spacy>=3.7.4->-r requirements.txt (line 35))
  Downloading wasabi-1.1.3-py3-none-any.whl.metadata (28 kB)
Collecting srsly<3.0.0,>=2.5.3 (from spacy>=3.7.4->-r requirements.txt (line 35))
  Downloading srsly-2.5.3-cp311-cp311-win_amd64.whl.metadata (20 kB)
Collecting catalogue<2.1.0,>=2.0.6 (from spacy>=3.7.4->-r requirements.txt (line 35))
  Downloading catalogue-2.0.10-py3-none-any.whl.metadata (14 kB)
Collecting weasel<2.0.0,>=1.0.0 (from spacy>=3.7.4->-r requirements.txt (line 35))
  Downloading weasel-1.0.0-py3-none-any.whl.metadata (4.6 kB)
Collecting confection<2.0.0,>=1.3.2 (from spacy>=3.7.4->-r requirements.txt (line 35))
  Downloading confection-1.3.3-py3-none-any.whl.metadata (19 kB)
Collecting annotated-types>=0.6.0 (from pydantic>=2.7.1->-r requirements.txt (line 69))
  Using cached annotated_types-0.7.0-py3-none-any.whl.metadata (15 kB)
Collecting pydantic-core==2.41.5 (from pydantic>=2.7.1->-r requirements.txt (line 69))
  Using cached pydantic_core-2.41.5-cp311-cp311-win_amd64.whl.metadata (7.4 kB)
Collecting typing-inspection>=0.4.2 (from pydantic>=2.7.1->-r requirements.txt (line 69))
  Using cached typing_inspection-0.4.2-py3-none-any.whl.metadata (2.6 kB)
Collecting blis<1.4.0,>=1.3.0 (from thinc<8.4.0,>=8.3.12->spacy>=3.7.4->-r requirements.txt (line 35))
  Downloading blis-1.3.3-cp311-cp311-win_amd64.whl.metadata (7.7 kB)
Collecting colorama (from tqdm>=4.27->transformers>=4.41.0->-r requirements.txt (line 32))
  Using cached colorama-0.4.6-py2.py3-none-any.whl.metadata (17 kB)
Collecting click>=8.2.1 (from typer->transformers>=4.41.0->-r requirements.txt (line 32))
  Using cached click-8.3.2-py3-none-any.whl.metadata (2.6 kB)
Collecting shellingham>=1.3.0 (from typer->transformers>=4.41.0->-r requirements.txt (line 32))
  Using cached shellingham-1.5.4-py2.py3-none-any.whl.metadata (3.5 kB)
Collecting rich>=12.3.0 (from typer->transformers>=4.41.0->-r requirements.txt (line 32))
  Downloading rich-14.3.4-py3-none-any.whl.metadata (18 kB)
Collecting annotated-doc>=0.0.2 (from typer->transformers>=4.41.0->-r requirements.txt (line 32))
  Using cached annotated_doc-0.0.4-py3-none-any.whl.metadata (6.6 kB)
Collecting cloudpathlib>=0.7.0 (from weasel<2.0.0,>=1.0.0->spacy>=3.7.4->-r requirements.txt (line 35))
  Downloading cloudpathlib-0.23.0-py3-none-any.whl.metadata (16 kB)
Collecting smart-open>=5.2.1 (from weasel<2.0.0,>=1.0.0->spacy>=3.7.4->-r requirements.txt (line 35))
  Downloading smart_open-7.5.1-py3-none-any.whl.metadata (24 kB)
Collecting six (from langdetect>=1.0.9->-r requirements.txt (line 36))
  Using cached six-1.17.0-py2.py3-none-any.whl.metadata (1.7 kB)
Collecting joblib (from nltk>=3.8.1->-r requirements.txt (line 38))
  Using cached joblib-1.5.3-py3-none-any.whl.metadata (5.5 kB)
Collecting pyarrow>=21.0.0 (from datasets>=2.19.0->-r requirements.txt (line 39))
  Using cached pyarrow-23.0.1-cp311-cp311-win_amd64.whl.metadata (3.1 kB)
Collecting dill<0.4.2,>=0.3.0 (from datasets>=2.19.0->-r requirements.txt (line 39))
  Downloading dill-0.4.1-py3-none-any.whl.metadata (10 kB)
Collecting xxhash (from datasets>=2.19.0->-r requirements.txt (line 39))
  Downloading xxhash-3.6.0-cp311-cp311-win_amd64.whl.metadata (13 kB)
Collecting multiprocess<0.70.20 (from datasets>=2.19.0->-r requirements.txt (line 39))
  Downloading multiprocess-0.70.19-py311-none-any.whl.metadata (7.5 kB)
Collecting fsspec>=2023.5.0 (from huggingface-hub<2.0,>=1.5.0->transformers>=4.41.0->-r requirements.txt (line 32))
  Downloading fsspec-2026.2.0-py3-none-any.whl.metadata (10 kB)
Collecting lightning<2.7.0,>=2.0.0 (from pytorch-forecasting>=1.0.0->-r requirements.txt (line 45))
  Downloading lightning-2.6.1-py3-none-any.whl.metadata (44 kB)
Collecting scipy<2.0,>=1.8 (from pytorch-forecasting>=1.0.0->-r requirements.txt (line 45))
  Downloading scipy-1.17.1-cp311-cp311-win_amd64.whl.metadata (60 kB)
Collecting scikit-base<0.14.0 (from pytorch-forecasting>=1.0.0->-r requirements.txt (line 45))
  Downloading scikit_base-0.13.1-py3-none-any.whl.metadata (8.8 kB)
Collecting threadpoolctl>=3.2.0 (from scikit-learn>=1.5.0->-r requirements.txt (line 49))
  Using cached threadpoolctl-3.6.0-py3-none-any.whl.metadata (13 kB)
Collecting python-dateutil>=2.8.2 (from pandas>=2.2.2->-r requirements.txt (line 52))
  Using cached python_dateutil-2.9.0.post0-py2.py3-none-any.whl.metadata (8.4 kB)
Collecting tzdata (from pandas>=2.2.2->-r requirements.txt (line 52))
  Using cached tzdata-2026.1-py2.py3-none-any.whl.metadata (1.4 kB)
Collecting lightning-utilities<2.0,>=0.10.0 (from lightning<2.7.0,>=2.0.0->pytorch-forecasting>=1.0.0->-r requirements.txt (line 45))
  Downloading lightning_utilities-0.15.3-py3-none-any.whl.metadata (5.5 kB)
Collecting torchmetrics<3.0,>0.7.0 (from lightning<2.7.0,>=2.0.0->pytorch-forecasting>=1.0.0->-r requirements.txt (line 45))
  Downloading torchmetrics-1.9.0-py3-none-any.whl.metadata (23 kB)
Collecting colorlog (from optuna>=3.6.1->-r requirements.txt (line 50))
  Using cached colorlog-6.10.1-py3-none-any.whl.metadata (11 kB)
Collecting PyJWT<3.0.0,>=2.0.0 (from twilio>=9.0.5->-r requirements.txt (line 59))
  Downloading pyjwt-2.12.1-py3-none-any.whl.metadata (4.1 kB)
Collecting aiohttp-retry>=2.8.3 (from twilio>=9.0.5->-r requirements.txt (line 59))
  Downloading aiohttp_retry-2.9.1-py3-none-any.whl.metadata (8.8 kB)
Collecting MarkupSafe>=2.0 (from jinja2>=3.1.4->-r requirements.txt (line 60))
  Using cached markupsafe-3.0.3-cp311-cp311-win_amd64.whl.metadata (2.8 kB)
Collecting contourpy>=1.0.1 (from matplotlib>=3.9.0->-r requirements.txt (line 61))
  Using cached contourpy-1.3.3-cp311-cp311-win_amd64.whl.metadata (5.5 kB)
Collecting cycler>=0.10 (from matplotlib>=3.9.0->-r requirements.txt (line 61))
  Using cached cycler-0.12.1-py3-none-any.whl.metadata (3.8 kB)
Collecting fonttools>=4.22.0 (from matplotlib>=3.9.0->-r requirements.txt (line 61))
  Using cached fonttools-4.62.1-cp311-cp311-win_amd64.whl.metadata (119 kB)
Collecting kiwisolver>=1.3.1 (from matplotlib>=3.9.0->-r requirements.txt (line 61))
  Using cached kiwisolver-1.5.0-cp311-cp311-win_amd64.whl.metadata (5.2 kB)
Collecting pyparsing>=3 (from matplotlib>=3.9.0->-r requirements.txt (line 61))
  Using cached pyparsing-3.3.2-py3-none-any.whl.metadata (5.8 kB)
Collecting narwhals>=1.15.1 (from plotly>=5.22.0->-r requirements.txt (line 62))
  Downloading narwhals-2.19.0-py3-none-any.whl.metadata (14 kB)
Collecting choreographer>=1.1.1 (from kaleido>=0.2.1->-r requirements.txt (line 64))
  Downloading choreographer-1.2.1-py3-none-any.whl.metadata (6.8 kB)
Collecting logistro>=1.0.8 (from kaleido>=0.2.1->-r requirements.txt (line 64))
  Downloading logistro-2.0.1-py3-none-any.whl.metadata (3.9 kB)
Collecting orjson>=3.10.15 (from kaleido>=0.2.1->-r requirements.txt (line 64))
  Downloading orjson-3.11.8-cp311-cp311-win_amd64.whl.metadata (43 kB)
Collecting pytest-timeout>=2.4.0 (from kaleido>=0.2.1->-r requirements.txt (line 64))
  Downloading pytest_timeout-2.4.0-py3-none-any.whl.metadata (20 kB)
Collecting greenlet>=1 (from sqlalchemy>=2.0.30->-r requirements.txt (line 71))
  Downloading greenlet-3.4.0-cp311-cp311-win_amd64.whl.metadata (3.8 kB)
Collecting Mako (from alembic>=1.13.1->-r requirements.txt (line 72))
  Using cached mako-1.3.10-py3-none-any.whl.metadata (2.9 kB)
Collecting tzlocal>=3.0 (from apscheduler>=3.10.4->-r requirements.txt (line 74))
  Downloading tzlocal-5.3.1-py3-none-any.whl.metadata (7.6 kB)
Collecting pycares<6,>=5.0.0 (from aiodns>=1.1.1->ccxt>=4.3.0->-r requirements.txt (line 13))
  Downloading pycares-5.0.1-cp311-cp311-win_amd64.whl.metadata (4.2 kB)
Collecting cffi>=1.5.0 (from pycares<6,>=5.0.0->aiodns>=1.1.1->ccxt>=4.3.0->-r requirements.txt (line 13))
  Using cached cffi-2.0.0-cp311-cp311-win_amd64.whl.metadata (2.6 kB)
Collecting pycparser (from cffi>=1.5.0->pycares<6,>=5.0.0->aiodns>=1.1.1->ccxt>=4.3.0->-r requirements.txt (line 13))
  Downloading pycparser-3.0-py3-none-any.whl.metadata (8.2 kB)
Collecting simplejson>=3.19.3 (from choreographer>=1.1.1->kaleido>=0.2.1->-r requirements.txt (line 64))
  Downloading simplejson-3.20.2-cp311-cp311-win_amd64.whl.metadata (3.4 kB)
Collecting parsimonious<0.11.0,>=0.10.0 (from eth-abi>=5.0.1->web3>=7.0.0->-r requirements.txt (line 27))
  Downloading parsimonious-0.10.0-py3-none-any.whl.metadata (25 kB)
Collecting bitarray>=2.4.0 (from eth-account>=0.13.6->web3>=7.0.0->-r requirements.txt (line 27))
  Downloading bitarray-3.8.1-cp311-cp311-win_amd64.whl.metadata (35 kB)
Collecting eth-abi>=5.0.1 (from web3>=7.0.0->-r requirements.txt (line 27))
  Downloading eth_abi-6.0.0b1-py3-none-any.whl.metadata (3.8 kB)
Collecting eth-keyfile<0.9.0,>=0.7.0 (from eth-account>=0.13.6->web3>=7.0.0->-r requirements.txt (line 27))
  Downloading eth_keyfile-0.8.1-py3-none-any.whl.metadata (8.5 kB)
Collecting eth-keys>=0.4.0 (from eth-account>=0.13.6->web3>=7.0.0->-r requirements.txt (line 27))
  Downloading eth_keys-0.7.0-py3-none-any.whl.metadata (13 kB)
Collecting eth-rlp>=2.1.0 (from eth-account>=0.13.6->web3>=7.0.0->-r requirements.txt (line 27))
  Downloading eth_rlp-2.2.0-py3-none-any.whl.metadata (3.3 kB)
Collecting rlp>=1.0.0 (from eth-account>=0.13.6->web3>=7.0.0->-r requirements.txt (line 27))
  Downloading rlp-4.1.0-py3-none-any.whl.metadata (3.2 kB)
Collecting ckzg>=2.0.0 (from eth-account>=0.13.6->web3>=7.0.0->-r requirements.txt (line 27))
  Downloading ckzg-2.1.7-cp311-cp311-win_amd64.whl.metadata (930 bytes)
Collecting pycryptodome<4,>=3.6.6 (from eth-keyfile<0.9.0,>=0.7.0->eth-account>=0.13.6->web3>=7.0.0->-r requirements.txt (line 27))
  Downloading pycryptodome-3.23.0-cp37-abi3-win_amd64.whl.metadata (3.5 kB)
Collecting cytoolz>=0.10.1 (from eth-utils>=5.0.0->web3>=7.0.0->-r requirements.txt (line 27))
  Downloading cytoolz-1.1.0-cp311-cp311-win_amd64.whl.metadata (5.3 kB)
Collecting toolz>=0.8.0 (from cytoolz>=0.10.1->eth-utils>=5.0.0->web3>=7.0.0->-r requirements.txt (line 27))
  Downloading toolz-1.1.0-py3-none-any.whl.metadata (5.1 kB)
Collecting pytest>=7.0.0 (from pytest-timeout>=2.4.0->kaleido>=0.2.1->-r requirements.txt (line 64))
  Downloading pytest-9.0.3-py3-none-any.whl.metadata (7.6 kB)
Collecting iniconfig>=1.0.1 (from pytest>=7.0.0->pytest-timeout>=2.4.0->kaleido>=0.2.1->-r requirements.txt (line 64))
  Downloading iniconfig-2.3.0-py3-none-any.whl.metadata (2.5 kB)
Collecting pluggy<2,>=1.5 (from pytest>=7.0.0->pytest-timeout>=2.4.0->kaleido>=0.2.1->-r requirements.txt (line 64))
  Downloading pluggy-1.6.0-py3-none-any.whl.metadata (4.8 kB)
Collecting pygments>=2.7.2 (from pytest>=7.0.0->pytest-timeout>=2.4.0->kaleido>=0.2.1->-r requirements.txt (line 64))
  Using cached pygments-2.20.0-py3-none-any.whl.metadata (2.5 kB)
Collecting markdown-it-py>=2.2.0 (from rich>=12.3.0->typer->transformers>=4.41.0->-r requirements.txt (line 32))
  Using cached markdown_it_py-4.0.0-py3-none-any.whl.metadata (7.3 kB)
Collecting mdurl~=0.1 (from markdown-it-py>=2.2.0->rich>=12.3.0->typer->transformers>=4.41.0->-r requirements.txt (line 32))
  Using cached mdurl-0.1.2-py3-none-any.whl.metadata (1.6 kB)
Collecting wrapt (from smart-open>=5.2.1->weasel<2.0.0,>=1.0.0->spacy>=3.7.4->-r requirements.txt (line 35))
  Downloading wrapt-2.1.2-cp311-cp311-win_amd64.whl.metadata (7.6 kB)
Collecting mpmath<1.4,>=1.1.0 (from sympy>=1.13.3->torch>=2.3.0->-r requirements.txt (line 33))
  Using cached mpmath-1.3.0-py3-none-any.whl.metadata (8.6 kB)
Collecting pyasn1>=0.1.3 (from rsa->telethon>=1.36.0->-r requirements.txt (line 16))
  Downloading pyasn1-0.6.3-py3-none-any.whl.metadata (8.4 kB)
Downloading fredapi-0.5.2-py3-none-any.whl (11 kB)
Downloading yfinance-1.2.1-py2.py3-none-any.whl (130 kB)
Downloading ccxt-4.5.48-py2.py3-none-any.whl (6.5 MB)
   ---------------------------------------- 6.5/6.5 MB 11.1 MB/s  0:00:00
Downloading coincurve-21.0.0-cp311-cp311-win_amd64.whl (1.3 MB)
   ---------------------------------------- 1.3/1.3 MB 9.8 MB/s  0:00:00
Downloading tweepy-4.16.0-py3-none-any.whl (98 kB)
Downloading oauthlib-3.3.1-py3-none-any.whl (160 kB)
Downloading requests-2.33.1-py3-none-any.whl (64 kB)
Downloading charset_normalizer-3.4.7-cp311-cp311-win_amd64.whl (159 kB)
Using cached idna-3.11-py3-none-any.whl (71 kB)
Downloading requests_oauthlib-2.0.0-py2.py3-none-any.whl (24 kB)
Using cached urllib3-2.6.3-py3-none-any.whl (131 kB)
Downloading praw-7.8.1-py3-none-any.whl (189 kB)
Downloading prawcore-2.4.0-py3-none-any.whl (17 kB)
Downloading telethon-1.43.0-py3-none-any.whl (773 kB)
   ---------------------------------------- 773.7/773.7 kB 5.4 MB/s  0:00:00
Using cached httpx-0.28.1-py3-none-any.whl (73 kB)
Using cached httpcore-1.0.9-py3-none-any.whl (78 kB)
Downloading aiohttp-3.13.5-cp311-cp311-win_amd64.whl (462 kB)
Downloading multidict-6.7.1-cp311-cp311-win_amd64.whl (45 kB)
Downloading yarl-1.23.0-cp311-cp311-win_amd64.whl (87 kB)
Using cached beautifulsoup4-4.14.3-py3-none-any.whl (107 kB)
Downloading solana-0.36.11-py3-none-any.whl (64 kB)
Downloading solders-0.27.1-cp38-abi3-win_amd64.whl (5.3 MB)
   ---------------------------------------- 5.3/5.3 MB 6.6 MB/s  0:00:00
Downloading jsonalias-0.1.1-py3-none-any.whl (1.3 kB)
Downloading construct_typing-0.7.0-py3-none-any.whl (24 kB)
Downloading construct-2.10.70-py3-none-any.whl (63 kB)
Using cached websockets-15.0.1-cp311-cp311-win_amd64.whl (176 kB)
Downloading web3-7.15.0-py3-none-any.whl (1.4 MB)
   ---------------------------------------- 1.4/1.4 MB 6.5 MB/s  0:00:00
Downloading transformers-5.5.3-py3-none-any.whl (10.2 MB)
   ---------------------------------------- 10.2/10.2 MB 5.9 MB/s  0:00:01
Downloading huggingface_hub-1.10.1-py3-none-any.whl (642 kB)
   ---------------------------------------- 642.6/642.6 kB 4.9 MB/s  0:00:00
Using cached hf_xet-1.4.3-cp37-abi3-win_amd64.whl (3.7 MB)
Downloading tokenizers-0.22.2-cp39-abi3-win_amd64.whl (2.7 MB)
   ---------------------------------------- 2.7/2.7 MB 5.7 MB/s  0:00:00
Using cached torch-2.11.0-cp311-cp311-win_amd64.whl (114.5 MB)
Downloading setuptools-81.0.0-py3-none-any.whl (1.1 MB)
   ---------------------------------------- 1.1/1.1 MB 5.1 MB/s  0:00:00
Downloading vaderSentiment-3.3.2-py2.py3-none-any.whl (125 kB)
Downloading spacy-3.8.14-cp311-cp311-win_amd64.whl (15.4 MB)
   ---------------------------------------- 15.4/15.4 MB 6.0 MB/s  0:00:02
Using cached pydantic-2.12.5-py3-none-any.whl (463 kB)
Using cached pydantic_core-2.41.5-cp311-cp311-win_amd64.whl (2.0 MB)
Downloading catalogue-2.0.10-py3-none-any.whl (17 kB)
Downloading confection-1.3.3-py3-none-any.whl (35 kB)
Downloading cymem-2.0.13-cp311-cp311-win_amd64.whl (40 kB)
Downloading murmurhash-1.0.15-cp311-cp311-win_amd64.whl (25 kB)
Downloading preshed-3.0.13-cp311-cp311-win_amd64.whl (122 kB)
Downloading spacy_legacy-3.0.12-py2.py3-none-any.whl (29 kB)
Downloading spacy_loggers-1.0.5-py3-none-any.whl (22 kB)
Downloading srsly-2.5.3-cp311-cp311-win_amd64.whl (651 kB)
   ---------------------------------------- 651.7/651.7 kB 5.0 MB/s  0:00:00
Downloading thinc-8.3.13-cp311-cp311-win_amd64.whl (1.8 MB)
   ---------------------------------------- 1.8/1.8 MB 6.1 MB/s  0:00:00
Using cached numpy-2.4.4-cp311-cp311-win_amd64.whl (12.6 MB)
Downloading blis-1.3.3-cp311-cp311-win_amd64.whl (6.2 MB)
   ---------------------------------------- 6.2/6.2 MB 6.3 MB/s  0:00:00
Using cached tqdm-4.67.3-py3-none-any.whl (78 kB)
Using cached typer-0.24.1-py3-none-any.whl (56 kB)
Downloading wasabi-1.1.3-py3-none-any.whl (27 kB)
Downloading weasel-1.0.0-py3-none-any.whl (50 kB)
Downloading emoji-2.15.0-py3-none-any.whl (608 kB)
   ---------------------------------------- 608.4/608.4 kB 5.6 MB/s  0:00:00
Downloading nltk-3.9.4-py3-none-any.whl (1.6 MB)
   ---------------------------------------- 1.6/1.6 MB 5.2 MB/s  0:00:00
Downloading datasets-4.8.4-py3-none-any.whl (526 kB)
   ---------------------------------------- 527.0/527.0 kB 5.8 MB/s  0:00:00
Downloading dill-0.4.1-py3-none-any.whl (120 kB)
Downloading fsspec-2026.2.0-py3-none-any.whl (202 kB)
Downloading multiprocess-0.70.19-py311-none-any.whl (144 kB)
Downloading pytorch_forecasting-1.7.0-py3-none-any.whl (403 kB)
Using cached scikit_learn-1.8.0-cp311-cp311-win_amd64.whl (8.1 MB)
Using cached pandas-3.0.2-cp311-cp311-win_amd64.whl (9.9 MB)
Downloading lightning-2.6.1-py3-none-any.whl (853 kB)
   ---------------------------------------- 853.6/853.6 kB 6.3 MB/s  0:00:00
Downloading lightning_utilities-0.15.3-py3-none-any.whl (31 kB)
Using cached pyyaml-6.0.3-cp311-cp311-win_amd64.whl (158 kB)
Downloading scikit_base-0.13.1-py3-none-any.whl (159 kB)
Downloading scipy-1.17.1-cp311-cp311-win_amd64.whl (36.6 MB)
   ---------------------------------------- 36.6/36.6 MB 5.7 MB/s  0:00:06
Downloading torchmetrics-1.9.0-py3-none-any.whl (983 kB)
   ---------------------------------------- 983.4/983.4 kB 4.6 MB/s  0:00:00
Using cached typing_extensions-4.15.0-py3-none-any.whl (44 kB)
Downloading pytorch_lightning-2.6.1-py3-none-any.whl (857 kB)
   ---------------------------------------- 857.3/857.3 kB 4.8 MB/s  0:00:00
Downloading xgboost-3.2.0-py3-none-win_amd64.whl (101.7 MB)
   ---------------------------------------- 101.7/101.7 MB 6.7 MB/s  0:00:15
Downloading lightgbm-4.6.0-py3-none-win_amd64.whl (1.5 MB)
   ---------------------------------------- 1.5/1.5 MB 6.9 MB/s  0:00:00
Downloading optuna-4.8.0-py3-none-any.whl (419 kB)
Downloading discord_py-2.7.1-py3-none-any.whl (1.2 MB)
   ---------------------------------------- 1.2/1.2 MB 7.7 MB/s  0:00:00
Downloading twilio-9.10.4-py2.py3-none-any.whl (2.3 MB)
   ---------------------------------------- 2.3/2.3 MB 7.6 MB/s  0:00:00
Downloading pyjwt-2.12.1-py3-none-any.whl (29 kB)
Using cached jinja2-3.1.6-py3-none-any.whl (134 kB)
Using cached matplotlib-3.10.8-cp311-cp311-win_amd64.whl (8.1 MB)
Downloading plotly-6.7.0-py3-none-any.whl (9.9 MB)
   ---------------------------------------- 9.9/9.9 MB 7.7 MB/s  0:00:01
Using cached pillow-12.2.0-cp311-cp311-win_amd64.whl (7.1 MB)
Downloading kaleido-1.2.0-py3-none-any.whl (68 kB)
Downloading pydantic_settings-2.13.1-py3-none-any.whl (58 kB)
Downloading sqlalchemy-2.0.49-cp311-cp311-win_amd64.whl (2.1 MB)
   ---------------------------------------- 2.1/2.1 MB 7.5 MB/s  0:00:00
Downloading alembic-1.18.4-py3-none-any.whl (263 kB)
Downloading redis-7.4.0-py3-none-any.whl (409 kB)
Downloading apscheduler-3.11.2-py3-none-any.whl (64 kB)
Downloading structlog-25.5.0-py3-none-any.whl (72 kB)
Downloading python_dotenv-1.2.2-py3-none-any.whl (22 kB)
Using cached tenacity-9.1.4-py3-none-any.whl (28 kB)
Downloading aiodns-4.0.0-py3-none-any.whl (11 kB)
Downloading pycares-5.0.1-cp311-cp311-win_amd64.whl (117 kB)
Using cached aiohappyeyeballs-2.6.1-py3-none-any.whl (15 kB)
Downloading aiohttp_retry-2.9.1-py3-none-any.whl (10.0 kB)
Using cached aiosignal-1.4.0-py3-none-any.whl (7.5 kB)
Using cached annotated_doc-0.0.4-py3-none-any.whl (5.3 kB)
Using cached annotated_types-0.7.0-py3-none-any.whl (13 kB)
Downloading attrs-26.1.0-py3-none-any.whl (67 kB)
Using cached certifi-2026.2.25-py3-none-any.whl (153 kB)
Using cached cffi-2.0.0-cp311-cp311-win_amd64.whl (182 kB)
Downloading choreographer-1.2.1-py3-none-any.whl (49 kB)
Using cached click-8.3.2-py3-none-any.whl (108 kB)
Downloading cloudpathlib-0.23.0-py3-none-any.whl (62 kB)
Using cached colorama-0.4.6-py2.py3-none-any.whl (25 kB)
Using cached contourpy-1.3.3-cp311-cp311-win_amd64.whl (225 kB)
Downloading cryptography-46.0.7-cp311-abi3-win_amd64.whl (3.5 MB)
   ---------------------------------------- 3.5/3.5 MB 7.6 MB/s  0:00:00
Downloading curl_cffi-0.15.0-cp310-abi3-win_amd64.whl (1.7 MB)
   ---------------------------------------- 1.7/1.7 MB 7.4 MB/s  0:00:00
Using cached cycler-0.12.1-py3-none-any.whl (8.3 kB)
Downloading eth_abi-5.2.0-py3-none-any.whl (28 kB)
Downloading parsimonious-0.10.0-py3-none-any.whl (48 kB)
Downloading eth_account-0.13.7-py3-none-any.whl (587 kB)
   ---------------------------------------- 587.5/587.5 kB 6.9 MB/s  0:00:00
Downloading eth_keyfile-0.8.1-py3-none-any.whl (7.5 kB)
Downloading pycryptodome-3.23.0-cp37-abi3-win_amd64.whl (1.8 MB)
   ---------------------------------------- 1.8/1.8 MB 7.6 MB/s  0:00:00
Downloading bitarray-3.8.1-cp311-cp311-win_amd64.whl (150 kB)
Downloading ckzg-2.1.7-cp311-cp311-win_amd64.whl (99 kB)
Downloading eth_hash-0.8.0-py3-none-any.whl (8.0 kB)
Downloading eth_keys-0.7.0-py3-none-any.whl (20 kB)
Downloading eth_rlp-2.2.0-py3-none-any.whl (4.4 kB)
Downloading eth_typing-6.0.0-py3-none-any.whl (19 kB)
Downloading eth_utils-6.0.0-py3-none-any.whl (102 kB)
Downloading cytoolz-1.1.0-cp311-cp311-win_amd64.whl (945 kB)
   ---------------------------------------- 945.8/945.8 kB 7.4 MB/s  0:00:00
Using cached filelock-3.25.2-py3-none-any.whl (26 kB)
Using cached fonttools-4.62.1-cp311-cp311-win_amd64.whl (2.3 MB)
Using cached frozendict-2.4.7-py3-none-any.whl (16 kB)
Using cached frozenlist-1.8.0-cp311-cp311-win_amd64.whl (44 kB)
Downloading greenlet-3.4.0-cp311-cp311-win_amd64.whl (238 kB)
Using cached h11-0.16.0-py3-none-any.whl (37 kB)
Downloading hexbytes-1.3.1-py3-none-any.whl (5.1 kB)
Using cached joblib-1.5.3-py3-none-any.whl (309 kB)
Using cached kiwisolver-1.5.0-cp311-cp311-win_amd64.whl (73 kB)
Downloading logistro-2.0.1-py3-none-any.whl (8.6 kB)
Using cached markupsafe-3.0.3-cp311-cp311-win_amd64.whl (15 kB)
Downloading narwhals-2.19.0-py3-none-any.whl (446 kB)
Using cached networkx-3.6.1-py3-none-any.whl (2.1 MB)
Downloading orjson-3.11.8-cp311-cp311-win_amd64.whl (127 kB)
Downloading peewee-4.0.4-py3-none-any.whl (144 kB)
Downloading platformdirs-4.9.6-py3-none-any.whl (21 kB)
Using cached propcache-0.4.1-cp311-cp311-win_amd64.whl (41 kB)
Downloading protobuf-7.34.1-cp310-abi3-win_amd64.whl (437 kB)
Using cached pyarrow-23.0.1-cp311-cp311-win_amd64.whl (27.5 MB)
Using cached pyparsing-3.3.2-py3-none-any.whl (122 kB)
Downloading pytest_timeout-2.4.0-py3-none-any.whl (14 kB)
Downloading pytest-9.0.3-py3-none-any.whl (375 kB)
Downloading pluggy-1.6.0-py3-none-any.whl (20 kB)
Downloading iniconfig-2.3.0-py3-none-any.whl (7.5 kB)
Using cached pygments-2.20.0-py3-none-any.whl (1.2 MB)
Using cached python_dateutil-2.9.0.post0-py2.py3-none-any.whl (229 kB)
Downloading pytz-2026.1.post1-py2.py3-none-any.whl (510 kB)
Downloading pyunormalize-17.0.0-py3-none-any.whl (51 kB)
Downloading pywin32-311-cp311-cp311-win_amd64.whl (9.5 MB)
   ---------------------------------------- 9.5/9.5 MB 6.7 MB/s  0:00:01
Downloading regex-2026.4.4-cp311-cp311-win_amd64.whl (278 kB)
Downloading rich-14.3.4-py3-none-any.whl (310 kB)
Using cached markdown_it_py-4.0.0-py3-none-any.whl (87 kB)
Using cached mdurl-0.1.2-py3-none-any.whl (10.0 kB)
Downloading rlp-4.1.0-py3-none-any.whl (19 kB)
Using cached safetensors-0.7.0-cp38-abi3-win_amd64.whl (341 kB)
Using cached shellingham-1.5.4-py2.py3-none-any.whl (9.8 kB)
Downloading simplejson-3.20.2-cp311-cp311-win_amd64.whl (75 kB)
Using cached six-1.17.0-py2.py3-none-any.whl (11 kB)
Downloading smart_open-7.5.1-py3-none-any.whl (64 kB)
Downloading soupsieve-2.8.3-py3-none-any.whl (37 kB)
Using cached sympy-1.14.0-py3-none-any.whl (6.3 MB)
Using cached mpmath-1.3.0-py3-none-any.whl (536 kB)
Using cached threadpoolctl-3.6.0-py3-none-any.whl (18 kB)
Downloading toolz-1.1.0-py3-none-any.whl (58 kB)
Downloading types_requests-2.33.0.20260408-py3-none-any.whl (20 kB)
Using cached typing_inspection-0.4.2-py3-none-any.whl (14 kB)
Downloading tzlocal-5.3.1-py3-none-any.whl (18 kB)
Downloading update_checker-0.18.0-py3-none-any.whl (7.0 kB)
Downloading websocket_client-1.9.0-py3-none-any.whl (82 kB)
Using cached anyio-4.13.0-py3-none-any.whl (114 kB)
Using cached colorlog-6.10.1-py3-none-any.whl (11 kB)
Using cached mako-1.3.10-py3-none-any.whl (78 kB)
Downloading pycparser-3.0-py3-none-any.whl (48 kB)
Using cached rsa-4.9.1-py3-none-any.whl (34 kB)
Downloading pyasn1-0.6.3-py3-none-any.whl (83 kB)
Using cached tzdata-2026.1-py2.py3-none-any.whl (348 kB)
Downloading wrapt-2.1.2-cp311-cp311-win_amd64.whl (60 kB)
Downloading xxhash-3.6.0-cp311-cp311-win_amd64.whl (31 kB)
Building wheels for collected packages: python-bitcoinrpc, langdetect, ta, pyaes
  Building wheel for python-bitcoinrpc (pyproject.toml): started
  Building wheel for python-bitcoinrpc (pyproject.toml): finished with status 'done'
  Created wheel for python-bitcoinrpc: filename=python_bitcoinrpc-1.0-py3-none-any.whl size=14339 sha256=bcfe2a49f31eafd463fea522b92220526daf226453698207794bad1a701b64ab
  Stored in directory: c:\users\acer\appdata\local\pip\cache\wheels\96\5e\92\02c56182ea210a1a1c69959ee75949c150f9e5a678874c71e9
  Building wheel for langdetect (pyproject.toml): started
  Building wheel for langdetect (pyproject.toml): finished with status 'done'
  Created wheel for langdetect: filename=langdetect-1.0.9-py3-none-any.whl size=993364 sha256=aae22f201976c4b5dab04b3d8fc782de453af3f2863575dd2cb58bfd6576aa70
  Stored in directory: c:\users\acer\appdata\local\pip\cache\wheels\0a\f2\b2\e5ca405801e05eb7c8ed5b3b4bcf1fcabcd6272c167640072e
  Building wheel for ta (pyproject.toml): started
  Building wheel for ta (pyproject.toml): finished with status 'done'
  Created wheel for ta: filename=ta-0.11.0-py3-none-any.whl size=29497 sha256=7ae3443b41074f8a4489ddfb7a2d546c3723ad29ea26eaf651edc9fd6415bdc4
  Stored in directory: c:\users\acer\appdata\local\pip\cache\wheels\a1\d7\29\7781cc5eb9a3659d032d7d15bdd0f49d07d2b24fec29f44bc4
  Building wheel for pyaes (pyproject.toml): started
  Building wheel for pyaes (pyproject.toml): finished with status 'done'
  Created wheel for pyaes: filename=pyaes-1.6.1-py3-none-any.whl size=26437 sha256=9b2fe9afd6d10f8d82a6379248e75824bfcdcc61cf56e587b1b78508e4d090cd
  Stored in directory: c:\users\acer\appdata\local\pip\cache\wheels\4e\52\33\010d0843550bffb6a591b11629070ae140c0ad4f53e68a3bd3
Successfully built python-bitcoinrpc langdetect ta pyaes
Installing collected packages: pywin32, pytz, python-bitcoinrpc, pyaes, peewee, multitasking, mpmath, ckzg, bitarray, xxhash, wrapt, websockets, websocket-client, urllib3, tzdata, typing_extensions, toolz, threadpoolctl, tenacity, sympy, structlog, spacy-loggers, spacy-legacy, soupsieve, six, simplejson, shellingham, setuptools, scikit-base, safetensors, regex, redis, pyyaml, pyunormalize, python-dotenv, pyparsing, PyJWT, pygments, pycryptodome, pycparser, pyasn1, pyarrow, protobuf, propcache, pluggy, platformdirs, Pillow, orjson, oauthlib, numpy, networkx, narwhals, murmurhash, multidict, mdurl, MarkupSafe, logistro, kiwisolver, jsonalias, joblib, iniconfig, idna, hf-xet, hexbytes, h11, greenlet, fsspec, frozenlist, frozendict, fonttools, filelock, eth-hash, emoji, dill, cymem, cycler, construct, confection, colorama, coincurve, cloudpathlib, charset_normalizer, certifi, catalogue, attrs, annotated-types, annotated-doc, aiohappyeyeballs, yarl, wasabi, tzlocal, typing-inspection, types-requests, tqdm, srsly, sqlalchemy, solders, smart-open, scipy, rsa, requests, python-dateutil, pytest, pydantic-core, preshed, plotly, parsimonious, multiprocess, markdown-it-py, Mako, lightning-utilities, langdetect, jinja2, httpcore, eth-typing, cytoolz, contourpy, construct-typing, colorlog, click, choreographer, cffi, blis, beautifulsoup4, anyio, aiosignal, xgboost, vaderSentiment, update_checker, torch, telethon, scikit-learn, rich, requests-oauthlib, pytest-timeout, pydantic, pycares, prawcore, pandas, nltk, matplotlib, lightgbm, httpx, cryptography, apscheduler, alembic, aiohttp, typer, tweepy, torchmetrics, thinc, ta, solana, pydantic-settings, praw, optuna, kaleido, fredapi, eth-utils, discord.py, curl_cffi, aiohttp-retry, aiodns, yfinance, weasel, twilio, rlp, pytorch-lightning, huggingface-hub, eth-keys, eth-abi, ccxt, tokenizers, spacy, lightning, eth-rlp, eth-keyfile, datasets, transformers, pytorch-forecasting, eth-account, web3
  Attempting uninstall: setuptools
    Found existing installation: setuptools 82.0.1
    Uninstalling setuptools-82.0.1:
      Successfully uninstalled setuptools-82.0.1

Successfully installed Mako-1.3.10 MarkupSafe-3.0.3 Pillow-12.2.0 PyJWT-2.12.1 aiodns-4.0.0 aiohappyeyeballs-2.6.1 aiohttp-3.13.5 aiohttp-retry-2.9.1 aiosignal-1.4.0 alembic-1.18.4 annotated-doc-0.0.4 annotated-types-0.7.0 anyio-4.13.0 apscheduler-3.11.2 attrs-26.1.0 beautifulsoup4-4.14.3 bitarray-3.8.1 blis-1.3.3 catalogue-2.0.10 ccxt-4.5.48 certifi-2026.2.25 cffi-2.0.0 charset_normalizer-3.4.7 choreographer-1.2.1 ckzg-2.1.7 click-8.3.2 cloudpathlib-0.23.0 coincurve-21.0.0 colorama-0.4.6 colorlog-6.10.1 confection-1.3.3 construct-2.10.70 construct-typing-0.7.0 contourpy-1.3.3 cryptography-46.0.7 curl_cffi-0.15.0 cycler-0.12.1 cymem-2.0.13 cytoolz-1.1.0 datasets-4.8.4 dill-0.4.1 discord.py-2.7.1 emoji-2.15.0 eth-abi-5.2.0 eth-account-0.13.7 eth-hash-0.8.0 eth-keyfile-0.8.1 eth-keys-0.7.0 eth-rlp-2.2.0 eth-typing-6.0.0 eth-utils-6.0.0 filelock-3.25.2 fonttools-4.62.1 fredapi-0.5.2 frozendict-2.4.7 frozenlist-1.8.0 fsspec-2026.2.0 greenlet-3.4.0 h11-0.16.0 hexbytes-1.3.1 hf-xet-1.4.3 httpcore-1.0.9 httpx-0.28.1 huggingface-hub-1.10.1 idna-3.11 iniconfig-2.3.0 jinja2-3.1.6 joblib-1.5.3 jsonalias-0.1.1 kaleido-1.2.0 kiwisolver-1.5.0 langdetect-1.0.9 lightgbm-4.6.0 lightning-2.6.1 lightning-utilities-0.15.3 logistro-2.0.1 markdown-it-py-4.0.0 matplotlib-3.10.8 mdurl-0.1.2 mpmath-1.3.0 multidict-6.7.1 multiprocess-0.70.19 multitasking-0.0.12 murmurhash-1.0.15 narwhals-2.19.0 networkx-3.6.1 nltk-3.9.4 numpy-2.4.4 oauthlib-3.3.1 optuna-4.8.0 orjson-3.11.8 pandas-3.0.2 parsimonious-0.10.0 peewee-4.0.4 platformdirs-4.9.6 plotly-6.7.0 pluggy-1.6.0 praw-7.8.1 prawcore-2.4.0 preshed-3.0.13 propcache-0.4.1 protobuf-7.34.1 pyaes-1.6.1 pyarrow-23.0.1 pyasn1-0.6.3 pycares-5.0.1 pycparser-3.0 pycryptodome-3.23.0 pydantic-2.12.5 pydantic-core-2.41.5 pydantic-settings-2.13.1 pygments-2.20.0 pyparsing-3.3.2 pytest-9.0.3 pytest-timeout-2.4.0 python-bitcoinrpc-1.0 python-dateutil-2.9.0.post0 python-dotenv-1.2.2 pytorch-forecasting-1.7.0 pytorch-lightning-2.6.1 pytz-2026.1.post1 pyunormalize-17.0.0 pywin32-311 pyyaml-6.0.3 redis-7.4.0 regex-2026.4.4 requests-2.33.1 requests-oauthlib-2.0.0 rich-14.3.4 rlp-4.1.0 rsa-4.9.1 safetensors-0.7.0 scikit-base-0.13.1 scikit-learn-1.8.0 scipy-1.17.1 setuptools-81.0.0 shellingham-1.5.4 simplejson-3.20.2 six-1.17.0 smart-open-7.5.1 solana-0.36.11 solders-0.27.1 soupsieve-2.8.3 spacy-3.8.14 spacy-legacy-3.0.12 spacy-loggers-1.0.5 sqlalchemy-2.0.49 srsly-2.5.3 structlog-25.5.0 sympy-1.14.0 ta-0.11.0 telethon-1.43.0 tenacity-9.1.4 thinc-8.3.13 threadpoolctl-3.6.0 tokenizers-0.22.2 toolz-1.1.0 torch-2.11.0 torchmetrics-1.9.0 tqdm-4.67.3 transformers-5.5.3 tweepy-4.16.0 twilio-9.10.4 typer-0.24.1 types-requests-2.33.0.20260408 typing-inspection-0.4.2 typing_extensions-4.15.0 tzdata-2026.1 tzlocal-5.3.1 update_checker-0.18.0 urllib3-2.6.3 vaderSentiment-3.3.2 wasabi-1.1.3 weasel-1.0.0 web3-7.15.0 websocket-client-1.9.0 websockets-15.0.1 wrapt-2.1.2 xgboost-3.2.0 xxhash-3.6.0 yarl-1.23.0 yfinance-1.2.1
